Search log from filefind for files in /home/dli/Documents


<< Results with the extension 'pdf' >>

/home/dli/Documents/Google_resume_12.13.pdf
/home/dli/Documents/Multivariable_Midterm.pdf
/home/dli/Documents/Resume_1.9.pdf
/home/dli/Documents/Resume_12.11.pdf
/home/dli/Documents/David_Li_AoPS_Grader_Applicant.pdf
/home/dli/Documents/Google_resume_12.12.pdf
/home/dli/Documents/DavidLi_Resume_11.12.pdf
/home/dli/Documents/David_Li_AoPS_Grader_Applicant_Q2.pdf
/home/dli/Documents/David_Li_GoogleEP_resume.pdf
/home/dli/Documents/wireless_router_setupmanual.pdf
/home/dli/Documents/Resume_11.11.pdf
/home/dli/Documents/Resume_1.11.pdf
/home/dli/Documents/vimReference.pdf
/home/dli/Documents/w9_david.pdf
/home/dli/Documents/Resume_12.12.pdf
/home/dli/Documents/pton_exams/exams/195_exams/195Ffnl02-03.pdf
/home/dli/Documents/pton_exams/exams/202_exams/202Ffnl07-08.pdf
/home/dli/Documents/pton_exams/exams/202_exams/202Ffnl06-07.pdf
/home/dli/Documents/pton_exams/exams/202_exams/202Fmt03-04.pdf
/home/dli/Documents/pton_exams/exams/202_exams/202Sfnl05-06.pdf
/home/dli/Documents/pton_exams/exams/202_exams/202Sfnl04-05.pdf
/home/dli/Documents/pton_exams/exams/202_exams/202Smt06-07.pdf
/home/dli/Documents/pton_exams/exams/202_exams/202Fmt04-05.pdf
/home/dli/Documents/pton_exams/exams/202_exams/202Ffnl05-06.pdf
/home/dli/Documents/pton_exams/exams/202_exams/202Smt03-04.pdf
/home/dli/Documents/pton_exams/exams/202_exams/202Smt04-05.pdf
/home/dli/Documents/pton_exams/exams/202_exams/202Fmt07-08.pdf
/home/dli/Documents/pton_exams/exams/202_exams/202Sfnl06-07.pdf
/home/dli/Documents/pton_exams/exams/202_exams/202Sfnl02-03.pdf
/home/dli/Documents/pton_exams/exams/202_exams/202Smt05-06.pdf
/home/dli/Documents/pton_exams/exams/202_exams/202Fmt06-07.pdf
/home/dli/Documents/pton_exams/exams/202_exams/202Smt02-03.pdf
/home/dli/Documents/pton_exams/exams/202_exams/202Fmt01-02.pdf
/home/dli/Documents/pton_exams/exams/202_exams/202_S_fnl_01-02.pdf
/home/dli/Documents/pton_exams/exams/202_exams/202Smt07-08.pdf
/home/dli/Documents/pton_exams/exams/202_exams/202Sfnl07-08.pdf
/home/dli/Documents/pton_exams/exams/202_exams/202Fmt05-06.pdf
/home/dli/Documents/pton_exams/exams/202_exams/202Sfnl03-04.pdf
/home/dli/Documents/pton_exams/exams/202_exams/202Ffnl04-05.pdf
/home/dli/Documents/pton_exams/exams/202_exams/202_S_mt_01-02.pdf
/home/dli/Documents/pton_exams/exams/202_exams/202Sfnl01.pdf
/home/dli/Documents/pton_exams/exams/300_level_exams/317Ffnl04-05.pdf
/home/dli/Documents/pton_exams/exams/300_level_exams/317Fs95-96.pdf
/home/dli/Documents/pton_exams/exams/300_level_exams/342Sfnl06-07.pdf
/home/dli/Documents/pton_exams/exams/300_level_exams/308Fs99-2000.pdf
/home/dli/Documents/pton_exams/exams/300_level_exams/308mts99-2000.pdf
/home/dli/Documents/pton_exams/exams/300_level_exams/312Sfnl06-07 (2).pdf
/home/dli/Documents/pton_exams/exams/300_level_exams/305mtf93-94pg3.pdf
/home/dli/Documents/pton_exams/exams/300_level_exams/305mtf93-94pg4.pdf
/home/dli/Documents/pton_exams/exams/300_level_exams/317MTs99.pdf
/home/dli/Documents/pton_exams/exams/300_level_exams/317Sfnl06-07.pdf
/home/dli/Documents/pton_exams/exams/300_level_exams/308_Sp_F.pdf
/home/dli/Documents/pton_exams/exams/300_level_exams/324Ff91-92.pdf
/home/dli/Documents/pton_exams/exams/300_level_exams/317Ff69-97.pdf
/home/dli/Documents/pton_exams/exams/300_level_exams/323Fs95-96.pdf
/home/dli/Documents/pton_exams/exams/300_level_exams/315Ffpg2.pdf
/home/dli/Documents/pton_exams/exams/300_level_exams/333Ffnl06-07.pdf
/home/dli/Documents/pton_exams/exams/300_level_exams/306Sfnl07-08.pdf
/home/dli/Documents/pton_exams/exams/300_level_exams/317Fs95-96pg1.pdf
/home/dli/Documents/pton_exams/exams/300_level_exams/317Sfnl04-05.pdf
/home/dli/Documents/pton_exams/exams/300_level_exams/308Sfnl06-07.pdf
/home/dli/Documents/pton_exams/exams/300_level_exams/323Fs95-96pg1.pdf
/home/dli/Documents/pton_exams/exams/300_level_exams/331Fmt06-07.pdf
/home/dli/Documents/pton_exams/exams/300_level_exams/308Sfnl07-08.pdf
/home/dli/Documents/pton_exams/exams/300_level_exams/330Sfinl06-07.pdf
/home/dli/Documents/pton_exams/exams/300_level_exams/324final.pdf
/home/dli/Documents/pton_exams/exams/300_level_exams/315Ff.pdf
/home/dli/Documents/pton_exams/exams/300_level_exams/305mtf93-94pg2.pdf
/home/dli/Documents/pton_exams/exams/300_level_exams/306Ffnl06-07.pdf
/home/dli/Documents/pton_exams/exams/300_level_exams/326Ffnl06-07.pdf
/home/dli/Documents/pton_exams/exams/300_level_exams/330Sfnl06-07.pdf
/home/dli/Documents/pton_exams/exams/300_level_exams/312Sfnl07-08.pdf
/home/dli/Documents/pton_exams/exams/300_level_exams/316Fs91-92.pdf
/home/dli/Documents/pton_exams/exams/300_level_exams/307Sfnl06-07.pdf
/home/dli/Documents/pton_exams/exams/300_level_exams/317Smt06-07.pdf
/home/dli/Documents/pton_exams/exams/300_level_exams/317Ffnl01-02.pdf
/home/dli/Documents/pton_exams/exams/300_level_exams/315ff99-2000.pdf
/home/dli/Documents/pton_exams/exams/300_level_exams/314Ffnl06-07.pdf
/home/dli/Documents/pton_exams/exams/300_level_exams/303Sfnl06-07.pdf
/home/dli/Documents/pton_exams/exams/300_level_exams/307Sfnl06-07 (2).pdf
/home/dli/Documents/pton_exams/exams/300_level_exams/317Ff69-97pg1.pdf
/home/dli/Documents/pton_exams/exams/300_level_exams/315Ffpg1.pdf
/home/dli/Documents/pton_exams/exams/300_level_exams/332Sfnl05-06.pdf
/home/dli/Documents/pton_exams/exams/300_level_exams/305mtf93-94.pdf
/home/dli/Documents/pton_exams/exams/300_level_exams/317Sfnl06-07 (2).pdf
/home/dli/Documents/pton_exams/exams/300_level_exams/307Sfnl07-08.pdf
/home/dli/Documents/pton_exams/exams/300_level_exams/317Smt91-92.pdf
/home/dli/Documents/pton_exams/exams/300_level_exams/305mtf93-94pg1.pdf
/home/dli/Documents/pton_exams/exams/300_level_exams/403Sfnl05-06.pdf
/home/dli/Documents/pton_exams/exams/300_level_exams/330Sfnl07-08.pdf
/home/dli/Documents/pton_exams/exams/300_level_exams/317Sfnl1990-91.pdf
/home/dli/Documents/pton_exams/exams/300_level_exams/317Smt97-98.pdf
/home/dli/Documents/pton_exams/exams/300_level_exams/322Ffnl06-07.pdf
/home/dli/Documents/pton_exams/exams/300_level_exams/317Ff99-2000.pdf
/home/dli/Documents/pton_exams/exams/300_level_exams/308Sfnl06-07 (2).pdf
/home/dli/Documents/pton_exams/exams/300_level_exams/317Sfnl05-06.pdf
/home/dli/Documents/pton_exams/exams/300_level_exams/331Ffnl06-07.pdf
/home/dli/Documents/pton_exams/exams/300_level_exams/312Sfnl06-07.pdf
/home/dli/Documents/pton_exams/exams/300_level_exams/332Smt05-06.pdf
/home/dli/Documents/pton_exams/exams/300_level_exams/317Ffnl99-2000.pdf
/home/dli/Documents/pton_exams/exams/102_exams/102Sfnl04-05.pdf
/home/dli/Documents/pton_exams/exams/102_exams/102Smt06-07.pdf
/home/dli/Documents/pton_exams/exams/102_exams/102Fmt01-02.pdf
/home/dli/Documents/pton_exams/exams/102_exams/102Smt08-09.pdf
/home/dli/Documents/pton_exams/exams/102_exams/102Sfnl06-07.pdf
/home/dli/Documents/pton_exams/exams/102_exams/102Sfnl07-08.pdf
/home/dli/Documents/pton_exams/exams/102_exams/102Smt02-03.pdf
/home/dli/Documents/pton_exams/exams/102_exams/102Fmt05-06.pdf
/home/dli/Documents/pton_exams/exams/102_exams/102Sfnl02-03.pdf
/home/dli/Documents/pton_exams/exams/102_exams/102Smt07-08.pdf
/home/dli/Documents/pton_exams/exams/204_exams/204Smt04-05.pdf
/home/dli/Documents/pton_exams/exams/204_exams/204Smt01.pdf
/home/dli/Documents/pton_exams/exams/204_exams/204_S_fnl_01-02.pdf
/home/dli/Documents/pton_exams/exams/204_exams/204Smt02-03.pdf
/home/dli/Documents/pton_exams/exams/204_exams/204Sfnl02-03.pdf
/home/dli/Documents/pton_exams/exams/204_exams/204Smt05-06.pdf
/home/dli/Documents/pton_exams/exams/204_exams/204Ffnl05-06.pdf
/home/dli/Documents/pton_exams/exams/204_exams/204_S_mt_01-02.pdf
/home/dli/Documents/pton_exams/exams/204_exams/204Sfnl04-05.pdf
/home/dli/Documents/pton_exams/exams/204_exams/204Ffnl06-07.pdf
/home/dli/Documents/pton_exams/exams/204_exams/204Sfnl06-07.pdf
/home/dli/Documents/pton_exams/exams/204_exams/204Fmt03-04.pdf
/home/dli/Documents/pton_exams/exams/204_exams/204Ffnl04-05.pdf
/home/dli/Documents/pton_exams/exams/204_exams/204Sfnl05-06.pdf
/home/dli/Documents/pton_exams/exams/204_exams/204Fmt01-02.pdf
/home/dli/Documents/pton_exams/exams/204_exams/204Fmt04-05.pdf
/home/dli/Documents/pton_exams/exams/204_exams/204Fmt06-07.pdf
/home/dli/Documents/pton_exams/exams/204_exams/204Sfnl07-08.pdf
/home/dli/Documents/pton_exams/exams/204_exams/204Smt06-07.pdf
/home/dli/Documents/pton_exams/exams/204_exams/204Ffnl03-04.pdf
/home/dli/Documents/pton_exams/exams/204_exams/204Sfnl01.pdf
/home/dli/Documents/pton_exams/exams/204_exams/204Ffnl07-08.pdf
/home/dli/Documents/pton_exams/exams/218_exams/218_S_mt_01-02.pdf
/home/dli/Documents/pton_exams/exams/218_exams/218Fmt06-07.pdf
/home/dli/Documents/pton_exams/exams/218_exams/218Ffnl06-07.pdf
/home/dli/Documents/pton_exams/exams/218_exams/218_S_fnl_01-02.pdf
/home/dli/Documents/pton_exams/exams/218_exams/218Sfnl05-06.pdf
/home/dli/Documents/pton_exams/exams/218_exams/218Fmt03-04.pdf
/home/dli/Documents/pton_exams/exams/218_exams/218Smt02-03.pdf
/home/dli/Documents/pton_exams/exams/218_exams/218Smt06-07.pdf
/home/dli/Documents/pton_exams/exams/218_exams/218Sfnl02-03.pdf
/home/dli/Documents/pton_exams/exams/218_exams/218Sfnl03-04.pdf
/home/dli/Documents/pton_exams/exams/201_exams/201Ffnl07-08.pdf
/home/dli/Documents/pton_exams/exams/201_exams/201Sfnl03-04.pdf
/home/dli/Documents/pton_exams/exams/201_exams/201Smt02-03.pdf
/home/dli/Documents/pton_exams/exams/201_exams/201Fmt01-02.pdf
/home/dli/Documents/pton_exams/exams/201_exams/201Fmt05-06.pdf
/home/dli/Documents/pton_exams/exams/201_exams/201Sfnl01.pdf
/home/dli/Documents/pton_exams/exams/201_exams/201_S_fnl_01-02.pdf
/home/dli/Documents/pton_exams/exams/201_exams/201Fmt04-05.pdf
/home/dli/Documents/pton_exams/exams/201_exams/201Fmt02-03.pdf
/home/dli/Documents/pton_exams/exams/201_exams/201Smt06-07.pdf
/home/dli/Documents/pton_exams/exams/201_exams/201Ffnl06-07.pdf
/home/dli/Documents/pton_exams/exams/201_exams/201Sfnl07-08 (2).pdf
/home/dli/Documents/pton_exams/exams/201_exams/201Fmt03-04.pdf
/home/dli/Documents/pton_exams/exams/201_exams/201Ffnl02-03.pdf
/home/dli/Documents/pton_exams/exams/201_exams/201Sfnl02-03.pdf
/home/dli/Documents/pton_exams/exams/201_exams/201Smt01.pdf
/home/dli/Documents/pton_exams/exams/201_exams/201Sfnl07-08.pdf
/home/dli/Documents/pton_exams/exams/201_exams/201Fmt07-08.pdf
/home/dli/Documents/pton_exams/exams/201_exams/201Sfnl04-05.pdf
/home/dli/Documents/pton_exams/exams/201_exams/201Fmt06-07.pdf
/home/dli/Documents/pton_exams/exams/201_exams/201Smt07-08.pdf
/home/dli/Documents/pton_exams/exams/201_exams/201Ffnl04-05.pdf
/home/dli/Documents/pton_exams/exams/201_exams/201Ffnl03-04.pdf
/home/dli/Documents/pton_exams/exams/201_exams/201Smt04-05.pdf
/home/dli/Documents/pton_exams/exams/201_exams/201Ffnl01-02.pdf
/home/dli/Documents/pton_exams/exams/201_exams/201Ffnl05-06.pdf
/home/dli/Documents/pton_exams/exams/201_exams/201Sfnl06-07.pdf
/home/dli/Documents/pton_exams/exams/201_exams/201Sfnl05-06.pdf
/home/dli/Documents/pton_exams/exams/201_exams/201_S_mt_01-02.pdf
/home/dli/Documents/pton_exams/exams/201_exams/201Smt03-04.pdf
/home/dli/Documents/pton_exams/exams/201_exams/201Smt05-06.pdf
/home/dli/Documents/pton_exams/exams/215_exams/215Ffnl03-04.pdf
/home/dli/Documents/pton_exams/exams/215_exams/215Sfnl06-07.pdf
/home/dli/Documents/pton_exams/exams/215_exams/215Fmt07-08.pdf
/home/dli/Documents/pton_exams/exams/215_exams/215Ffnl02-03.pdf
/home/dli/Documents/pton_exams/exams/215_exams/215Ffnl07-08.pdf
/home/dli/Documents/pton_exams/exams/215_exams/215fmt05-06.pdf
/home/dli/Documents/pton_exams/exams/215_exams/215Sfnl02-03.pdf
/home/dli/Documents/pton_exams/exams/215_exams/215Ffnl06-07.pdf
/home/dli/Documents/pton_exams/exams/215_exams/215Fmt03-04.pdf
/home/dli/Documents/pton_exams/exams/215_exams/215Smt06-07.pdf
/home/dli/Documents/pton_exams/exams/215_exams/215Fmt04-05.pdf
/home/dli/Documents/pton_exams/exams/215_exams/215Ffnl05-06.pdf
/home/dli/Documents/pton_exams/exams/214_exams/214Sfnl07-08.pdf
/home/dli/Documents/pton_exams/exams/214_exams/214Fmt05-06.pdf
/home/dli/Documents/pton_exams/exams/214_exams/214Ffnl06-07.pdf
/home/dli/Documents/pton_exams/exams/214_exams/214Smt06-07.pdf
/home/dli/Documents/pton_exams/exams/214_exams/214Ffnl02-03.pdf
/home/dli/Documents/pton_exams/exams/214_exams/214Smt05-06.pdf
/home/dli/Documents/pton_exams/exams/214_exams/214Ffnl05-06.pdf
/home/dli/Documents/pton_exams/exams/214_exams/214Fmt03-04.pdf
/home/dli/Documents/pton_exams/exams/214_exams/214Smt04-05.pdf
/home/dli/Documents/pton_exams/exams/214_exams/214Fmt06-07.pdf
/home/dli/Documents/pton_exams/exams/214_exams/214Sfnl06-07.pdf
/home/dli/Documents/pton_exams/exams/214_exams/214_S_fnl_01-02.pdf
/home/dli/Documents/pton_exams/exams/214_exams/214Fmt04-05.pdf
/home/dli/Documents/pton_exams/exams/190_exams/Course Offering Schedule for Fall 2009 no counts.pdf
/home/dli/Documents/pton_exams/exams/190_exams/190Sfnl06-07.pdf
/home/dli/Documents/pton_exams/exams/203_exams/203Smt01.pdf
/home/dli/Documents/pton_exams/exams/203_exams/203Smt04-05.pdf
/home/dli/Documents/pton_exams/exams/203_exams/203Fmt05-06.pdf
/home/dli/Documents/pton_exams/exams/203_exams/203Ffnl02-03.pdf
/home/dli/Documents/pton_exams/exams/203_exams/203Sfnl02-03.pdf
/home/dli/Documents/pton_exams/exams/203_exams/203_S_fnl_01-02.pdf
/home/dli/Documents/pton_exams/exams/203_exams/203Sfnl04-05.pdf
/home/dli/Documents/pton_exams/exams/203_exams/203Ffnl07-08.pdf
/home/dli/Documents/pton_exams/exams/203_exams/203Sfnl07-08.pdf
/home/dli/Documents/pton_exams/exams/203_exams/203Fmt04-05.pdf
/home/dli/Documents/pton_exams/exams/203_exams/203Fmt06-07.pdf
/home/dli/Documents/pton_exams/exams/203_exams/203Ffnl04-05.pdf
/home/dli/Documents/pton_exams/exams/203_exams/203Ffnl06-07.pdf
/home/dli/Documents/pton_exams/exams/203_exams/203Ffnl05-06.pdf
/home/dli/Documents/pton_exams/exams/203_exams/203Smt02-03.pdf
/home/dli/Documents/pton_exams/exams/203_exams/203Fmt02-03.pdf
/home/dli/Documents/pton_exams/exams/203_exams/203Fmt01-02.pdf
/home/dli/Documents/pton_exams/exams/203_exams/203Smt07-08.pdf
/home/dli/Documents/pton_exams/exams/203_exams/203Ffnl01-02.pdf
/home/dli/Documents/pton_exams/exams/203_exams/203Ffnl03-04.pdf
/home/dli/Documents/pton_exams/exams/203_exams/203Smt06-07.pdf
/home/dli/Documents/pton_exams/exams/203_exams/203Sfnl03-04.pdf
/home/dli/Documents/pton_exams/exams/203_exams/203Smt05-06.pdf
/home/dli/Documents/pton_exams/exams/203_exams/203Sfnl05-06.pdf
/home/dli/Documents/pton_exams/exams/203_exams/203_S_mt_01-02.pdf
/home/dli/Documents/pton_exams/exams/203_exams/203Fmt03-04.pdf
/home/dli/Documents/pton_exams/exams/104_exams/104Ffnl03-04.pdf
/home/dli/Documents/pton_exams/exams/104_exams/104Ffnl06-07.pdf
/home/dli/Documents/pton_exams/exams/104_exams/104Sfnl03-04.pdf
/home/dli/Documents/pton_exams/exams/104_exams/104Sfnl02-03.pdf
/home/dli/Documents/pton_exams/exams/104_exams/104Smt03-04.pdf
/home/dli/Documents/pton_exams/exams/104_exams/104Smt05-06.pdf
/home/dli/Documents/pton_exams/exams/104_exams/104Fmt06-07.pdf
/home/dli/Documents/pton_exams/exams/104_exams/104Ffnl02-03.pdf
/home/dli/Documents/pton_exams/exams/104_exams/104Ffnl05-06.pdf
/home/dli/Documents/pton_exams/exams/104_exams/104Fmt02-03.pdf
/home/dli/Documents/pton_exams/exams/104_exams/104Ffnl07-08.pdf
/home/dli/Documents/pton_exams/exams/104_exams/104Sfnl07-08.pdf
/home/dli/Documents/pton_exams/exams/104_exams/104Fmt07-08.pdf
/home/dli/Documents/pton_exams/exams/104_exams/104Fmt03-04.pdf
/home/dli/Documents/pton_exams/exams/104_exams/104Sfnl04-05.pdf
/home/dli/Documents/pton_exams/exams/104_exams/104Fmt05-06.pdf
/home/dli/Documents/pton_exams/exams/104_exams/104Smt02-03.pdf
/home/dli/Documents/pton_exams/exams/104_exams/104Fmt04-05.pdf
/home/dli/Documents/pton_exams/exams/104_exams/104Ffnl04-05.pdf
/home/dli/Documents/pton_exams/exams/104_exams/104Smt07-08.pdf
/home/dli/Documents/pton_exams/exams/104_exams/104Smt04-05.pdf
/home/dli/Documents/pton_exams/exams/101_exams/101Ffnl02-03.pdf
/home/dli/Documents/pton_exams/exams/101_exams/101Fmt08-09.pdf
/home/dli/Documents/pton_exams/exams/101_exams/101Ffnl03-04.pdf
/home/dli/Documents/pton_exams/exams/101_exams/101Fmt03-04.pdf
/home/dli/Documents/pton_exams/exams/101_exams/101Ffnl05-06.pdf
/home/dli/Documents/pton_exams/exams/101_exams/101Ffnl04-05.pdf
/home/dli/Documents/pton_exams/exams/101_exams/101Fmt02-03.pdf
/home/dli/Documents/pton_exams/exams/101_exams/101Ffnl06-07.pdf
/home/dli/Documents/pton_exams/exams/101_exams/101Ffnl07-08.pdf
/home/dli/Documents/pton_exams/exams/101_exams/101Fmt06-07.pdf
/home/dli/Documents/pton_exams/exams/101_exams/101Fmt01-02.pdf
/home/dli/Documents/pton_exams/exams/101_exams/101Fmt04-05.pdf
/home/dli/Documents/pton_exams/exams/101_exams/101Ffnl08-09.pdf
/home/dli/Documents/pton_exams/exams/101_exams/101Fmt07-08.pdf
/home/dli/Documents/pton_exams/exams/103_exams/103Fmt02-03.pdf
/home/dli/Documents/pton_exams/exams/103_exams/103Fmt04-05.pdf
/home/dli/Documents/pton_exams/exams/103_exams/103Fmt03-04.pdf
/home/dli/Documents/pton_exams/exams/103_exams/103Fmt07-08.pdf
/home/dli/Documents/pton_exams/exams/103_exams/103Fmt05-06.pdf
/home/dli/Documents/pton_exams/exams/103_exams/103Ffnl04-05.pdf
/home/dli/Documents/pton_exams/exams/103_exams/103Ffnl05-06.pdf
/home/dli/Documents/pton_exams/exams/103_exams/103Fmt06-07.pdf
/home/dli/Documents/pton_exams/exams/103_exams/103Ffnl02-03.pdf
/home/dli/Documents/pton_exams/exams/103_exams/103Ffnl07-08.pdf
/home/dli/Documents/pton_exams/exams/103_exams/103Ffnl03-04.pdf
/home/dli/Documents/pton_exams/exams/103_exams/103Ffnl06-07.pdf
/home/dli/Documents/pton_exams/exams/200_exams/200Ffnl03-04.pdf
/home/dli/Documents/pton_exams/exams/200_exams/200Smt02-03.pdf
/home/dli/Documents/pton_exams/exams/200_exams/200Smt06-07.pdf
/home/dli/Documents/pton_exams/exams/200_exams/200Fmt07-08.pdf
/home/dli/Documents/pton_exams/exams/200_exams/200Ffnl05-06.pdf
/home/dli/Documents/pton_exams/exams/200_exams/200Sfnl04-05.pdf
/home/dli/Documents/pton_exams/exams/200_exams/200Sfnl07-08.pdf
/home/dli/Documents/pton_exams/exams/200_exams/200Ffnl02-03.pdf
/home/dli/Documents/pton_exams/exams/200_exams/200Fmt04-05.pdf
/home/dli/Documents/pton_exams/exams/200_exams/200Fmt06-07.pdf
/home/dli/Documents/pton_exams/exams/200_exams/200Smt07-08.pdf
/home/dli/Documents/pton_exams/exams/200_exams/200Fmt05-06.pdf
/home/dli/Documents/pton_exams/exams/200_exams/200Sfnl06-07.pdf
/home/dli/Documents/pton_exams/exams/200_exams/200Ffnl06-07.pdf
/home/dli/Documents/pton_exams/exams/200_exams/200Ffnl07-08.pdf
/home/dli/Documents/pton_exams/exams/200_exams/200Smt05-06.pdf
/home/dli/Documents/pton_exams/exams/200_exams/200Ffnl04-05.pdf
/home/dli/Documents/pton_exams/exams/200_exams/200Fmt02-03.pdf
/home/dli/Documents/pton_exams/exams/200_exams/200Fmt03-04.pdf
/home/dli/Documents/pton_exams/exams/200_exams/200Sfnl02-03.pdf
/home/dli/Documents/pton_exams/exams/200_exams/200Sfnl03-04.pdf
/home/dli/Documents/pton_exams/exams/200_exams/200Smt04-05.pdf
/home/dli/Documents/pton_exams/exams/217_exams/217Fmt03-04.pdf
/home/dli/Documents/pton_exams/exams/217_exams/217Ffnl04-05.pdf
/home/dli/Documents/pton_exams/exams/217_exams/217Smt06-07.pdf
/home/dli/Documents/pton_exams/exams/217_exams/217Smt05-06.pdf
/home/dli/Documents/pton_exams/exams/217_exams/217Ffnl06-07.pdf
/home/dli/Documents/pton_exams/exams/217_exams/217Ffnl05-06.pdf
/home/dli/Documents/pton_exams/exams/217_exams/217Sfnl04-05.pdf
/home/dli/Documents/pton_exams/exams/217_exams/217Ffnl03-04.pdf
/home/dli/Documents/pton_exams/exams/217_exams/217Fmt04-05.pdf
/home/dli/Documents/pton_exams/exams/217_exams/217Sfnl06-07.pdf
/home/dli/Documents/pton_exams/exams/217_exams/217Fmt06-07.pdf
/home/dli/Documents/pton_exams/exams/203_Answers/Course Offering Schedule for Fall 2009 no counts.pdf
/home/dli/Documents/pton_exams/exams/203_Answers/203F00-01Ans.pdf
/home/dli/Documents/pton_exams/exams/203_Answers/203F01-02Ans.pdf
/home/dli/Documents/Latex/sectsty/sectsty.pdf
/home/dli/Documents/www.math.jhu.edu/F13_110.304/304f13midterm2sol.pdf
/home/dli/Documents/www.math.jhu.edu/F13_110.304/304f13midterm1sol.pdf
/home/dli/Documents/www.math.jhu.edu/F13_110.304/304f13finalsol.pdf
/home/dli/Documents/www.math.jhu.edu/S14_110.401/401s14finalsol.pdf
/home/dli/Documents/www.math.jhu.edu/S14_110.401/401s14midtermsol.pdf
/home/dli/Documents/www.math.jhu.edu/F14_110.212/FE-212-S11.pdf
/home/dli/Documents/www.math.jhu.edu/F14_110.211/pracmid2.pdf
/home/dli/Documents/www.math.jhu.edu/F14_110.211/pracmid1.pdf
/home/dli/Documents/www.math.jhu.edu/F14_110.304/Midterm-01-solutions.pdf
/home/dli/Documents/www.math.jhu.edu/F14_110.304/Midterm-02-solutions.pdf
/home/dli/Documents/www.math.jhu.edu/F14_110.304/Midterm-01.pdf
/home/dli/Documents/www.math.jhu.edu/F14_110.304/Syllabus.pdf
/home/dli/Documents/www.math.jhu.edu/F14_110.304/Midterm-02.pdf
/home/dli/Documents/www.math.jhu.edu/F14_110.304/Problems/Number-Theory-Problems-03.pdf
/home/dli/Documents/www.math.jhu.edu/F14_110.304/Problems/Number-Theory-Problems-07.pdf
/home/dli/Documents/www.math.jhu.edu/F14_110.304/Problems/Number-Theory-Problems-02.pdf
/home/dli/Documents/www.math.jhu.edu/F14_110.304/Problems/Number-Theory-Problems-06.pdf
/home/dli/Documents/www.math.jhu.edu/F14_110.304/Problems/Number-Theory-Problems-05.pdf
/home/dli/Documents/www.math.jhu.edu/F14_110.304/Problems/Number-Theory-Problems-01.pdf
/home/dli/Documents/www.math.jhu.edu/F14_110.304/Problems/Number-Theory-Problems-10.pdf
/home/dli/Documents/www.math.jhu.edu/F14_110.304/Problems/Number-Theory-Problems-09.pdf
/home/dli/Documents/www.math.jhu.edu/F14_110.304/Problems/Number-Theory-Problems-04.pdf
/home/dli/Documents/www.math.jhu.edu/F14_110.304/Problems/Number-Theory-Problems-11.pdf
/home/dli/Documents/www.math.jhu.edu/F14_110.304/Problems/Number-Theory-Problems-08.pdf
/home/dli/Documents/www.math.jhu.edu/F14_110.304/Notes/Lecture-20.pdf
/home/dli/Documents/www.math.jhu.edu/F14_110.304/Notes/Lecture-03.pdf
/home/dli/Documents/www.math.jhu.edu/F14_110.304/Notes/Lecture-11.pdf
/home/dli/Documents/www.math.jhu.edu/F14_110.304/Notes/Lecture-16.pdf
/home/dli/Documents/www.math.jhu.edu/F14_110.304/Notes/Lecture-01.pdf
/home/dli/Documents/www.math.jhu.edu/F14_110.304/Notes/Lecture-19.pdf
/home/dli/Documents/www.math.jhu.edu/F14_110.304/Notes/Lecture-13.pdf
/home/dli/Documents/www.math.jhu.edu/F14_110.304/Notes/Lecture-22.pdf
/home/dli/Documents/www.math.jhu.edu/F14_110.304/Notes/Lecture-02.pdf
/home/dli/Documents/www.math.jhu.edu/F14_110.304/Notes/Lecture-12.pdf
/home/dli/Documents/www.math.jhu.edu/F14_110.304/Notes/Number-theory-notes.pdf
/home/dli/Documents/www.math.jhu.edu/F14_110.304/Notes/Lecture-10.pdf
/home/dli/Documents/www.math.jhu.edu/F14_110.304/Notes/Lecture-23.pdf
/home/dli/Documents/www.math.jhu.edu/F14_110.304/Notes/Lecture-09.pdf
/home/dli/Documents/www.math.jhu.edu/F14_110.304/Notes/Lecture-17.pdf
/home/dli/Documents/www.math.jhu.edu/F14_110.304/Notes/Lecture-15.pdf
/home/dli/Documents/www.math.jhu.edu/F14_110.304/Notes/Lecture-14.pdf
/home/dli/Documents/www.math.jhu.edu/F14_110.304/Notes/Lecture-21.pdf
/home/dli/Documents/www.math.jhu.edu/F14_110.304/Notes/Lecture-08.pdf
/home/dli/Documents/www.math.jhu.edu/F14_110.304/Notes/Lecture-05.pdf
/home/dli/Documents/www.math.jhu.edu/F14_110.304/Notes/Lecture-06.pdf
/home/dli/Documents/www.math.jhu.edu/F14_110.304/Notes/Lecture-07.pdf
/home/dli/Documents/www.math.jhu.edu/F14_110.304/Notes/Lecture-18.pdf
/home/dli/Documents/www.math.jhu.edu/F14_110.304/Notes/Lecture-04.pdf

<< Results with the extension 'txt' >>

/home/dli/Documents/stockfish-5-linux/Copying.txt
/home/dli/Documents/jin-2.14.1/gpl.txt
/home/dli/Documents/jin-2.14.1/changelog.txt
/home/dli/Documents/jin-2.14.1/copyright.txt
/home/dli/Documents/pton_exams/robots.txt
/home/dli/Documents/adt-bundle-linux-x86_64-20140702/sdk/extras/android/support/README.txt
/home/dli/Documents/adt-bundle-linux-x86_64-20140702/sdk/extras/android/support/NOTICE.txt
/home/dli/Documents/adt-bundle-linux-x86_64-20140702/sdk/extras/android/support/v7/gridlayout/README.txt
/home/dli/Documents/adt-bundle-linux-x86_64-20140702/sdk/extras/android/support/v7/mediarouter/README.txt
/home/dli/Documents/adt-bundle-linux-x86_64-20140702/sdk/extras/android/support/v7/appcompat/README.txt
/home/dli/Documents/adt-bundle-linux-x86_64-20140702/sdk/tools/NOTICE.txt
/home/dli/Documents/adt-bundle-linux-x86_64-20140702/sdk/tools/lib/proguard-project.txt
/home/dli/Documents/adt-bundle-linux-x86_64-20140702/sdk/tools/proguard/proguard-project.txt
/home/dli/Documents/adt-bundle-linux-x86_64-20140702/sdk/tools/proguard/proguard-android.txt
/home/dli/Documents/adt-bundle-linux-x86_64-20140702/sdk/tools/proguard/proguard-android-optimize.txt
/home/dli/Documents/adt-bundle-linux-x86_64-20140702/sdk/tools/proguard/examples/dictionaries/compact.txt
/home/dli/Documents/adt-bundle-linux-x86_64-20140702/sdk/tools/proguard/examples/dictionaries/keywords.txt
/home/dli/Documents/adt-bundle-linux-x86_64-20140702/sdk/tools/proguard/examples/dictionaries/windows.txt
/home/dli/Documents/adt-bundle-linux-x86_64-20140702/sdk/tools/proguard/examples/dictionaries/shakespeare.txt
/home/dli/Documents/adt-bundle-linux-x86_64-20140702/sdk/tools/support/typos-it.txt
/home/dli/Documents/adt-bundle-linux-x86_64-20140702/sdk/tools/support/typos-de.txt
/home/dli/Documents/adt-bundle-linux-x86_64-20140702/sdk/tools/support/typos-en.txt
/home/dli/Documents/adt-bundle-linux-x86_64-20140702/sdk/tools/support/typos-tr.txt
/home/dli/Documents/adt-bundle-linux-x86_64-20140702/sdk/tools/support/typos-pt.txt
/home/dli/Documents/adt-bundle-linux-x86_64-20140702/sdk/tools/support/typos-hu.txt
/home/dli/Documents/adt-bundle-linux-x86_64-20140702/sdk/tools/support/typos-nb.txt
/home/dli/Documents/adt-bundle-linux-x86_64-20140702/sdk/tools/support/typos-es.txt
/home/dli/Documents/adt-bundle-linux-x86_64-20140702/sdk/tools/apps/SdkController/Implementation.txt
/home/dli/Documents/adt-bundle-linux-x86_64-20140702/sdk/tools/apps/SdkController/proguard-project.txt
/home/dli/Documents/adt-bundle-linux-x86_64-20140702/sdk/samples/android-20/NOTICE.txt
/home/dli/Documents/adt-bundle-linux-x86_64-20140702/sdk/samples/android-20/ui/SlidingTabsColors/README.txt
/home/dli/Documents/adt-bundle-linux-x86_64-20140702/sdk/samples/android-20/ui/ActionBarCompat-ShareActionProvider/README.txt
/home/dli/Documents/adt-bundle-linux-x86_64-20140702/sdk/samples/android-20/ui/SwipeRefreshListFragment/README.txt
/home/dli/Documents/adt-bundle-linux-x86_64-20140702/sdk/samples/android-20/ui/FragmentTransition/README.txt
/home/dli/Documents/adt-bundle-linux-x86_64-20140702/sdk/samples/android-20/ui/BasicImmersiveMode/README.txt
/home/dli/Documents/adt-bundle-linux-x86_64-20140702/sdk/samples/android-20/ui/BasicAccessibility/README.txt
/home/dli/Documents/adt-bundle-linux-x86_64-20140702/sdk/samples/android-20/ui/HorizontalPaging/README.txt
/home/dli/Documents/adt-bundle-linux-x86_64-20140702/sdk/samples/android-20/ui/ActionBarCompat-ListPopupMenu/README.txt
/home/dli/Documents/adt-bundle-linux-x86_64-20140702/sdk/samples/android-20/ui/BorderlessButtons/README.txt
/home/dli/Documents/adt-bundle-linux-x86_64-20140702/sdk/samples/android-20/ui/ImmersiveMode/README.txt
/home/dli/Documents/adt-bundle-linux-x86_64-20140702/sdk/samples/android-20/ui/SwipeRefreshLayoutBasic/README.txt
/home/dli/Documents/adt-bundle-linux-x86_64-20140702/sdk/samples/android-20/ui/AdvancedImmersiveMode/README.txt
/home/dli/Documents/adt-bundle-linux-x86_64-20140702/sdk/samples/android-20/ui/BasicNotifications/README.txt
/home/dli/Documents/adt-bundle-linux-x86_64-20140702/sdk/samples/android-20/ui/BasicTransition/README.txt
/home/dli/Documents/adt-bundle-linux-x86_64-20140702/sdk/samples/android-20/ui/CustomNotifications/README.txt
/home/dli/Documents/adt-bundle-linux-x86_64-20140702/sdk/samples/android-20/ui/TextLinkify/README.txt
/home/dli/Documents/adt-bundle-linux-x86_64-20140702/sdk/samples/android-20/ui/CustomChoiceList/README.txt
/home/dli/Documents/adt-bundle-linux-x86_64-20140702/sdk/samples/android-20/ui/DoneBar/README.txt
/home/dli/Documents/adt-bundle-linux-x86_64-20140702/sdk/samples/android-20/ui/SlidingTabsBasic/README.txt
/home/dli/Documents/adt-bundle-linux-x86_64-20140702/sdk/samples/android-20/ui/AdapterTransition/README.txt
/home/dli/Documents/adt-bundle-linux-x86_64-20140702/sdk/samples/android-20/ui/TextSwitcher/README.txt
/home/dli/Documents/adt-bundle-linux-x86_64-20140702/sdk/samples/android-20/ui/CustomTransition/README.txt
/home/dli/Documents/adt-bundle-linux-x86_64-20140702/sdk/samples/android-20/ui/DisplayingBitmaps/README.txt
/home/dli/Documents/adt-bundle-linux-x86_64-20140702/sdk/samples/android-20/ui/DisplayingBitmaps/ABOUT.txt
/home/dli/Documents/adt-bundle-linux-x86_64-20140702/sdk/samples/android-20/ui/ActionBarCompat-Basic/README.txt
/home/dli/Documents/adt-bundle-linux-x86_64-20140702/sdk/samples/android-20/ui/SwipeRefreshMultipleViews/README.txt
/home/dli/Documents/adt-bundle-linux-x86_64-20140702/sdk/samples/android-20/ui/ActionBarCompat-Styled/README.txt
/home/dli/Documents/adt-bundle-linux-x86_64-20140702/sdk/samples/android-20/content/StorageProvider/README.txt
/home/dli/Documents/adt-bundle-linux-x86_64-20140702/sdk/samples/android-20/content/StorageProvider/StorageProviderSample/src/main/res/raw/dog_names.txt
/home/dli/Documents/adt-bundle-linux-x86_64-20140702/sdk/samples/android-20/content/StorageProvider/StorageProviderSample/src/main/res/raw/cat_names.txt
/home/dli/Documents/adt-bundle-linux-x86_64-20140702/sdk/samples/android-20/content/AppRestrictions/README.txt
/home/dli/Documents/adt-bundle-linux-x86_64-20140702/sdk/samples/android-20/content/BasicContactables/README.txt
/home/dli/Documents/adt-bundle-linux-x86_64-20140702/sdk/samples/android-20/content/StorageClient/README.txt
/home/dli/Documents/adt-bundle-linux-x86_64-20140702/sdk/samples/android-20/connectivity/CardEmulation/README.txt
/home/dli/Documents/adt-bundle-linux-x86_64-20140702/sdk/samples/android-20/connectivity/BluetoothLeGatt/README.txt
/home/dli/Documents/adt-bundle-linux-x86_64-20140702/sdk/samples/android-20/connectivity/BasicNetworking/README.txt
/home/dli/Documents/adt-bundle-linux-x86_64-20140702/sdk/samples/android-20/connectivity/CardReader/README.txt
/home/dli/Documents/adt-bundle-linux-x86_64-20140702/sdk/samples/android-20/connectivity/BasicSyncAdapter/README.txt
/home/dli/Documents/adt-bundle-linux-x86_64-20140702/sdk/samples/android-20/connectivity/NetworkConnect/README.txt
/home/dli/Documents/adt-bundle-linux-x86_64-20140702/sdk/samples/android-20/sensors/BatchStepSensor/README.txt
/home/dli/Documents/adt-bundle-linux-x86_64-20140702/sdk/samples/android-20/wearable/SynchronizedNotifications/Common/proguard-rules.txt
/home/dli/Documents/adt-bundle-linux-x86_64-20140702/sdk/samples/android-20/wearable/SynchronizedNotifications/Wearable/proguard-rules.txt
/home/dli/Documents/adt-bundle-linux-x86_64-20140702/sdk/samples/android-20/wearable/SynchronizedNotifications/Application/proguard-rules.txt
/home/dli/Documents/adt-bundle-linux-x86_64-20140702/sdk/samples/android-20/wearable/Timer/Wearable/proguard-rules.txt
/home/dli/Documents/adt-bundle-linux-x86_64-20140702/sdk/samples/android-20/wearable/Quiz/Wearable/proguard-rules.txt
/home/dli/Documents/adt-bundle-linux-x86_64-20140702/sdk/samples/android-20/wearable/Quiz/Application/proguard-rules.txt
/home/dli/Documents/adt-bundle-linux-x86_64-20140702/sdk/samples/android-20/wearable/WatchViewStub/Wearable/proguard-rules.txt
/home/dli/Documents/adt-bundle-linux-x86_64-20140702/sdk/samples/android-20/wearable/AgendaData/Wearable/proguard-rules.txt
/home/dli/Documents/adt-bundle-linux-x86_64-20140702/sdk/samples/android-20/wearable/AgendaData/Application/proguard-rules.txt
/home/dli/Documents/adt-bundle-linux-x86_64-20140702/sdk/samples/android-20/wearable/GridViewPager/Wearable/proguard-rules.txt
/home/dli/Documents/adt-bundle-linux-x86_64-20140702/sdk/samples/android-20/wearable/RecipeAssistant/Application/proguard-rules.txt
/home/dli/Documents/adt-bundle-linux-x86_64-20140702/sdk/samples/android-20/wearable/Flashlight/Wearable/proguard-rules.txt
/home/dli/Documents/adt-bundle-linux-x86_64-20140702/sdk/samples/android-20/wearable/FindMyPhone/Wearable/proguard-rules.txt
/home/dli/Documents/adt-bundle-linux-x86_64-20140702/sdk/samples/android-20/wearable/FindMyPhone/Application/proguard-rules.txt
/home/dli/Documents/adt-bundle-linux-x86_64-20140702/sdk/samples/android-20/wearable/JumpingJack/license.txt
/home/dli/Documents/adt-bundle-linux-x86_64-20140702/sdk/samples/android-20/wearable/JumpingJack/proguard-rules.txt
/home/dli/Documents/adt-bundle-linux-x86_64-20140702/sdk/samples/android-20/wearable/JumpingJack/Wearable/proguard-rules.txt
/home/dli/Documents/adt-bundle-linux-x86_64-20140702/sdk/samples/android-20/wearable/DelayedConfirmation/Wearable/proguard-rules.txt
/home/dli/Documents/adt-bundle-linux-x86_64-20140702/sdk/samples/android-20/wearable/DelayedConfirmation/Application/proguard-rules.txt
/home/dli/Documents/adt-bundle-linux-x86_64-20140702/sdk/samples/android-20/wearable/DataLayer/Wearable/proguard-rules.txt
/home/dli/Documents/adt-bundle-linux-x86_64-20140702/sdk/samples/android-20/wearable/DataLayer/Application/proguard-rules.txt
/home/dli/Documents/adt-bundle-linux-x86_64-20140702/sdk/samples/android-20/wearable/Geofencing/Wearable/proguard-rules.txt
/home/dli/Documents/adt-bundle-linux-x86_64-20140702/sdk/samples/android-20/wearable/Geofencing/Application/proguard-rules.txt
/home/dli/Documents/adt-bundle-linux-x86_64-20140702/sdk/samples/android-20/wearable/ElizaChat/Application/proguard-rules.txt
/home/dli/Documents/adt-bundle-linux-x86_64-20140702/sdk/samples/android-20/wearable/SkeletonWearableApp/Wearable/proguard-rules.txt
/home/dli/Documents/adt-bundle-linux-x86_64-20140702/sdk/samples/android-20/wearable/EmbeddedApp/Wearable/proguard-rules.txt
/home/dli/Documents/adt-bundle-linux-x86_64-20140702/sdk/samples/android-20/wearable/EmbeddedApp/Application/proguard-rules.txt
/home/dli/Documents/adt-bundle-linux-x86_64-20140702/sdk/samples/android-20/wearable/Notifications/Wearable/proguard-rules.txt
/home/dli/Documents/adt-bundle-linux-x86_64-20140702/sdk/samples/android-20/wearable/Notifications/Application/proguard-rules.txt
/home/dli/Documents/adt-bundle-linux-x86_64-20140702/sdk/samples/android-20/testing/ActivityInstrumentation/README.txt
/home/dli/Documents/adt-bundle-linux-x86_64-20140702/sdk/samples/android-20/legacy/WiFiDirectDemo/assets/sample_file.txt
/home/dli/Documents/adt-bundle-linux-x86_64-20140702/sdk/samples/android-20/legacy/SearchableDictionary/res/raw/definitions.txt
/home/dli/Documents/adt-bundle-linux-x86_64-20140702/sdk/samples/android-20/legacy/ApiDemos/README.txt
/home/dli/Documents/adt-bundle-linux-x86_64-20140702/sdk/samples/android-20/legacy/ApiDemos/assets/read_asset.txt
/home/dli/Documents/adt-bundle-linux-x86_64-20140702/sdk/samples/android-20/legacy/SkeletonApp/readme.txt
/home/dli/Documents/adt-bundle-linux-x86_64-20140702/sdk/samples/android-20/legacy/TicTacToeMain/README.txt
/home/dli/Documents/adt-bundle-linux-x86_64-20140702/sdk/samples/android-20/legacy/TicTacToeLib/README.txt
/home/dli/Documents/adt-bundle-linux-x86_64-20140702/sdk/samples/android-20/legacy/USB/AdbTest/README.txt
/home/dli/Documents/adt-bundle-linux-x86_64-20140702/sdk/samples/android-20/legacy/USB/MissileLauncher/README.txt
/home/dli/Documents/adt-bundle-linux-x86_64-20140702/sdk/samples/android-20/legacy/JetBoy/JETBOY_content_README.txt
/home/dli/Documents/adt-bundle-linux-x86_64-20140702/sdk/samples/android-20/renderscript/BasicRenderScript/README.txt
/home/dli/Documents/adt-bundle-linux-x86_64-20140702/sdk/samples/android-20/renderscript/RenderScriptIntrinsic/README.txt
/home/dli/Documents/adt-bundle-linux-x86_64-20140702/sdk/samples/android-20/security/BasicAndroidKeyStore/README.txt
/home/dli/Documents/adt-bundle-linux-x86_64-20140702/sdk/samples/android-20/background/RepeatingAlarm/README.txt
/home/dli/Documents/adt-bundle-linux-x86_64-20140702/sdk/samples/android-20/input/BasicGestureDetect/README.txt
/home/dli/Documents/adt-bundle-linux-x86_64-20140702/sdk/samples/android-20/input/BasicMultitouch/README.txt
/home/dli/Documents/adt-bundle-linux-x86_64-20140702/sdk/samples/android-20/media/BasicMediaDecoder/README.txt
/home/dli/Documents/adt-bundle-linux-x86_64-20140702/sdk/samples/android-20/media/BasicMediaRouter/README.txt
/home/dli/Documents/adt-bundle-linux-x86_64-20140702/sdk/samples/android-20/media/MediaRouter/README.txt
/home/dli/Documents/adt-bundle-linux-x86_64-20140702/sdk/samples/android-20/media/MediaRecorder/README.txt
/home/dli/Documents/adt-bundle-linux-x86_64-20140702/sdk/platform-tools/NOTICE.txt
/home/dli/Documents/adt-bundle-linux-x86_64-20140702/sdk/system-images/android-L/default/armeabi-v7a/NOTICE.txt
/home/dli/Documents/adt-bundle-linux-x86_64-20140702/sdk/system-images/android-20/android-wear/armeabi-v7a/NOTICE.txt
/home/dli/Documents/adt-bundle-linux-x86_64-20140702/sdk/system-images/android-20/android-wear/x86/NOTICE.txt
/home/dli/Documents/adt-bundle-linux-x86_64-20140702/sdk/platforms/android-L/templates/NOTICE.txt
/home/dli/Documents/adt-bundle-linux-x86_64-20140702/sdk/platforms/android-L/skins/NOTICE.txt
/home/dli/Documents/adt-bundle-linux-x86_64-20140702/sdk/platforms/android-L/data/broadcast_actions.txt
/home/dli/Documents/adt-bundle-linux-x86_64-20140702/sdk/platforms/android-L/data/categories.txt
/home/dli/Documents/adt-bundle-linux-x86_64-20140702/sdk/platforms/android-L/data/activity_actions.txt
/home/dli/Documents/adt-bundle-linux-x86_64-20140702/sdk/platforms/android-L/data/NOTICE.txt
/home/dli/Documents/adt-bundle-linux-x86_64-20140702/sdk/platforms/android-L/data/service_actions.txt
/home/dli/Documents/adt-bundle-linux-x86_64-20140702/sdk/platforms/android-L/data/features.txt
/home/dli/Documents/adt-bundle-linux-x86_64-20140702/sdk/platforms/android-L/data/widgets.txt
/home/dli/Documents/adt-bundle-linux-x86_64-20140702/sdk/platforms/android-20/templates/NOTICE.txt
/home/dli/Documents/adt-bundle-linux-x86_64-20140702/sdk/platforms/android-20/skins/NOTICE.txt
/home/dli/Documents/adt-bundle-linux-x86_64-20140702/sdk/platforms/android-20/data/broadcast_actions.txt
/home/dli/Documents/adt-bundle-linux-x86_64-20140702/sdk/platforms/android-20/data/categories.txt
/home/dli/Documents/adt-bundle-linux-x86_64-20140702/sdk/platforms/android-20/data/activity_actions.txt
/home/dli/Documents/adt-bundle-linux-x86_64-20140702/sdk/platforms/android-20/data/NOTICE.txt
/home/dli/Documents/adt-bundle-linux-x86_64-20140702/sdk/platforms/android-20/data/service_actions.txt
/home/dli/Documents/adt-bundle-linux-x86_64-20140702/sdk/platforms/android-20/data/features.txt
/home/dli/Documents/adt-bundle-linux-x86_64-20140702/sdk/platforms/android-20/data/widgets.txt
/home/dli/Documents/adt-bundle-linux-x86_64-20140702/sdk/build-tools/android-4.4W/NOTICE.txt
/home/dli/Documents/adt-bundle-linux-x86_64-20140702/sdk/build-tools/android-4.4W/renderscript/clang-include/LICENSE.TXT
/home/dli/Documents/adt-bundle-linux-x86_64-20140702/sdk/build-tools/android-4.4W/renderscript/clang-include/CMakeLists.txt
/home/dli/Documents/adt-bundle-linux-x86_64-20140702/eclipse/plugins/org.apache.ant_1.8.3.v201301120609/about_files/ASL-LICENSE-2.0.txt
/home/dli/Documents/adt-bundle-linux-x86_64-20140702/eclipse/about_files/pixman-licenses.txt
/home/dli/Documents/adt-bundle-linux-x86_64-20140702/eclipse/about_files/lgpl-v21.txt
/home/dli/Documents/adt-bundle-linux-x86_64-20140702/eclipse/about_files/mpl-v11.txt
/home/dli/Documents/adt-bundle-linux-x86_64-20140702/eclipse/about_files/webkit-bsd.txt

<< Results with the extension 'doc' >>



